# JRE version: OpenJDK Runtime Environment (8.0_151-b12) (build 1.8.0_151-8u151-b12-0ubuntu0.16.04.2-b12)
# Java VM: OpenJDK 64-Bit Server VM (25.151-b12 mixed mode linux-amd64 compressed oops)
Heap:
 PSYoungGen      total 164352K, used 13797K [0x00000000ee400000, 0x00000000fa600000, 0x0000000100000000)
  eden space 150528K, 0% used [0x00000000ee400000,0x00000000ee400000,0x00000000f7700000)
  from space 13824K, 99% used [0x00000000f8b00000,0x00000000f98796c0,0x00000000f9880000)
  to   space 9216K, 0% used [0x00000000f9d00000,0x00000000f9d00000,0x00000000fa600000)
 ParOldGen       total 65536K, used 65270K [0x00000000cac00000, 0x00000000cec00000, 0x00000000ee400000)
  object space 65536K, 99% used [0x00000000cac00000,0x00000000cebbd848,0x00000000cec00000)
 Metaspace       used 30485K, capacity 31686K, committed 31920K, reserved 1077248K
  class space    used 3601K, capacity 3949K, committed 4016K, reserved 1048576K
GC Heap History (10 events):
Event: 5,486 GC heap after
Heap after GC invocations=7 (full 0):
 PSYoungGen      total 62976K, used 5616K [0x00000000ee400000, 0x00000000f6100000, 0x0000000100000000)
  eden space 57344K, 0% used [0x00000000ee400000,0x00000000ee400000,0x00000000f1c00000)
  from space 5632K, 99% used [0x00000000f1c00000,0x00000000f217c010,0x00000000f2180000)
  to   space 6656K, 0% used [0x00000000f5a80000,0x00000000f5a80000,0x00000000f6100000)
 ParOldGen       total 36864K, used 8975K [0x00000000cac00000, 0x00000000cd000000, 0x00000000ee400000)
  object space 36864K, 24% used [0x00000000cac00000,0x00000000cb4c3c80,0x00000000cd000000)
 Metaspace       used 16394K, capacity 16654K, committed 16896K, reserved 1064960K
  class space    used 1908K, capacity 2011K, committed 2048K, reserved 1048576K
}
Event: 6,384 GC heap before
{Heap before GC invocations=8 (full 0):
 PSYoungGen      total 62976K, used 62960K [0x00000000ee400000, 0x00000000f6100000, 0x0000000100000000)
  eden space 57344K, 100% used [0x00000000ee400000,0x00000000f1c00000,0x00000000f1c00000)
  from space 5632K, 99% used [0x00000000f1c00000,0x00000000f217c010,0x00000000f2180000)
  to   space 6656K, 0% used [0x00000000f5a80000,0x00000000f5a80000,0x00000000f6100000)
 ParOldGen       total 36864K, used 8975K [0x00000000cac00000, 0x00000000cd000000, 0x00000000ee400000)
  object space 36864K, 24% used [0x00000000cac00000,0x00000000cb4c3c80,0x00000000cd000000)
 Metaspace       used 17291K, capacity 17666K, committed 18048K, reserved 1064960K
  class space    used 1985K, capacity 2088K, committed 2176K, reserved 1048576K
Event: 6,405 GC heap after
Heap after GC invocations=8 (full 0):
 PSYoungGen      total 119296K, used 6656K [0x00000000ee400000, 0x00000000f6500000, 0x0000000100000000)
  eden space 112640K, 0% used [0x00000000ee400000,0x00000000ee400000,0x00000000f5200000)
  from space 6656K, 100% used [0x00000000f5a80000,0x00000000f6100000,0x00000000f6100000)
  to   space 8704K, 0% used [0x00000000f5200000,0x00000000f5200000,0x00000000f5a80000)
 ParOldGen       total 36864K, used 10798K [0x00000000cac00000, 0x00000000cd000000, 0x00000000ee400000)
  object space 36864K, 29% used [0x00000000cac00000,0x00000000cb68ba78,0x00000000cd000000)
 Metaspace       used 17291K, capacity 17666K, committed 18048K, reserved 1064960K
  class space    used 1985K, capacity 2088K, committed 2176K, reserved 1048576K
}
Event: 7,466 GC heap before
{Heap before GC invocations=9 (full 0):
 PSYoungGen      total 119296K, used 56387K [0x00000000ee400000, 0x00000000f6500000, 0x0000000100000000)
  eden space 112640K, 44% used [0x00000000ee400000,0x00000000f1490c88,0x00000000f5200000)
  from space 6656K, 100% used [0x00000000f5a80000,0x00000000f6100000,0x00000000f6100000)
  to   space 8704K, 0% used [0x00000000f5200000,0x00000000f5200000,0x00000000f5a80000)
 ParOldGen       total 36864K, used 10798K [0x00000000cac00000, 0x00000000cd000000, 0x00000000ee400000)
  object space 36864K, 29% used [0x00000000cac00000,0x00000000cb68ba78,0x00000000cd000000)
 Metaspace       used 20739K, capacity 21228K, committed 21296K, reserved 1069056K
  class space    used 2424K, capacity 2569K, committed 2608K, reserved 1048576K
Event: 7,494 GC heap after
Heap after GC invocations=9 (full 0):
 PSYoungGen      total 121344K, used 7794K [0x00000000ee400000, 0x00000000fa600000, 0x0000000100000000)
  eden space 112640K, 0% used [0x00000000ee400000,0x00000000ee400000,0x00000000f5200000)
  from space 8704K, 89% used [0x00000000f5200000,0x00000000f599c850,0x00000000f5a80000)
  to   space 9216K, 0% used [0x00000000f9d00000,0x00000000f9d00000,0x00000000fa600000)
 ParOldGen       total 36864K, used 12784K [0x00000000cac00000, 0x00000000cd000000, 0x00000000ee400000)
  object space 36864K, 34% used [0x00000000cac00000,0x00000000cb87c2c8,0x00000000cd000000)
 Metaspace       used 20739K, capacity 21228K, committed 21296K, reserved 1069056K
  class space    used 2424K, capacity 2569K, committed 2608K, reserved 1048576K
}
Event: 7,494 GC heap before
{Heap before GC invocations=10 (full 1):
 PSYoungGen      total 121344K, used 7794K [0x00000000ee400000, 0x00000000fa600000, 0x0000000100000000)
  eden space 112640K, 0% used [0x00000000ee400000,0x00000000ee400000,0x00000000f5200000)
  from space 8704K, 89% used [0x00000000f5200000,0x00000000f599c850,0x00000000f5a80000)
  to   space 9216K, 0% used [0x00000000f9d00000,0x00000000f9d00000,0x00000000fa600000)
 ParOldGen       total 36864K, used 12784K [0x00000000cac00000, 0x00000000cd000000, 0x00000000ee400000)
  object space 36864K, 34% used [0x00000000cac00000,0x00000000cb87c2c8,0x00000000cd000000)
 Metaspace       used 20739K, capacity 21228K, committed 21296K, reserved 1069056K
  class space    used 2424K, capacity 2569K, committed 2608K, reserved 1048576K
Event: 7,626 GC heap after
Heap after GC invocations=10 (full 1):
 PSYoungGen      total 121344K, used 0K [0x00000000ee400000, 0x00000000fa600000, 0x0000000100000000)
  eden space 112640K, 0% used [0x00000000ee400000,0x00000000ee400000,0x00000000f5200000)
  from space 8704K, 0% used [0x00000000f5200000,0x00000000f5200000,0x00000000f5a80000)
  to   space 9216K, 0% used [0x00000000f9d00000,0x00000000f9d00000,0x00000000fa600000)
 ParOldGen       total 37376K, used 12699K [0x00000000cac00000, 0x00000000cd080000, 0x00000000ee400000)
  object space 37376K, 33% used [0x00000000cac00000,0x00000000cb866c28,0x00000000cd080000)
 Metaspace       used 20739K, capacity 21228K, committed 21296K, reserved 1069056K
  class space    used 2424K, capacity 2569K, committed 2608K, reserved 1048576K
}
Event: 10,307 GC heap before
{Heap before GC invocations=11 (full 1):
 PSYoungGen      total 121344K, used 112640K [0x00000000ee400000, 0x00000000fa600000, 0x0000000100000000)
  eden space 112640K, 100% used [0x00000000ee400000,0x00000000f5200000,0x00000000f5200000)
  from space 8704K, 0% used [0x00000000f5200000,0x00000000f5200000,0x00000000f5a80000)
  to   space 9216K, 0% used [0x00000000f9d00000,0x00000000f9d00000,0x00000000fa600000)
 ParOldGen       total 37376K, used 12699K [0x00000000cac00000, 0x00000000cd080000, 0x00000000ee400000)
  object space 37376K, 33% used [0x00000000cac00000,0x00000000cb866c28,0x00000000cd080000)
 Metaspace       used 25642K, capacity 26472K, committed 26800K, reserved 1073152K
  class space    used 2949K, capacity 3153K, committed 3248K, reserved 1048576K
Event: 10,363 GC heap after
Heap after GC invocations=11 (full 1):
 PSYoungGen      total 159744K, used 9205K [0x00000000ee400000, 0x00000000fa600000, 0x0000000100000000)
  eden space 150528K, 0% used [0x00000000ee400000,0x00000000ee400000,0x00000000f7700000)
  from space 9216K, 99% used [0x00000000f9d00000,0x00000000fa5fd4f0,0x00000000fa600000)
  to   space 13824K, 0% used [0x00000000f8b00000,0x00000000f8b00000,0x00000000f9880000)
 ParOldGen       total 37376K, used 22200K [0x00000000cac00000, 0x00000000cd080000, 0x00000000ee400000)
  object space 37376K, 59% used [0x00000000cac00000,0x00000000cc1ae070,0x00000000cd080000)
 Metaspace       used 25642K, capacity 26472K, committed 26800K, reserved 1073152K
  class space    used 2949K, capacity 3153K, committed 3248K, reserved 1048576K
}
Event: 13,198 GC heap before
{Heap before GC invocations=12 (full 1):
 PSYoungGen      total 159744K, used 157406K [0x00000000ee400000, 0x00000000fa600000, 0x0000000100000000)
  eden space 150528K, 98% used [0x00000000ee400000,0x00000000f74ba500,0x00000000f7700000)
  from space 9216K, 99% used [0x00000000f9d00000,0x00000000fa5fd4f0,0x00000000fa600000)
  to   space 13824K, 0% used [0x00000000f8b00000,0x00000000f8b00000,0x00000000f9880000)
 ParOldGen       total 37376K, used 27082K [0x00000000cac00000, 0x00000000cd080000, 0x00000000ee400000)
  object space 37376K, 72% used [0x00000000cac00000,0x00000000cc672bc0,0x00000000cd080000)
 Metaspace       used 30485K, capacity 31686K, committed 31920K, reserved 1077248K
  class space    used 3601K, capacity 3949K, committed 4016K, reserved 1048576K

